<?xml version="1.0" encoding="UTF-8"?>
<testng-results skipped="0" failed="0" ignored="0" total="1" passed="1">
  <reporter-output>
  </reporter-output>
  <suite name="Suite" duration-ms="34555" started-at="2019-12-23T00:30:21Z" finished-at="2019-12-23T00:30:55Z">
    <groups>
    </groups>
    <test name="Test" duration-ms="34555" started-at="2019-12-23T00:30:21Z" finished-at="2019-12-23T00:30:55Z">
      <class name="test.TestAmazon">
        <test-method status="PASS" signature="openWeb()[pri:0, instance:test.TestAmazon@78ac1102]" name="openWeb" is-config="true" duration-ms="13503" started-at="2019-12-23T00:30:21Z" finished-at="2019-12-23T00:30:34Z">
          <reporter-output>
          </reporter-output>
        </test-method> <!-- openWeb -->
        <test-method status="PASS" signature="singup()[pri:0, instance:test.TestAmazon@78ac1102]" name="singup" duration-ms="19985" started-at="2019-12-23T00:30:34Z" finished-at="2019-12-23T00:30:54Z">
          <reporter-output>
          </reporter-output>
        </test-method> <!-- singup -->
        <test-method status="PASS" signature="closeWeb()[pri:0, instance:test.TestAmazon@78ac1102]" name="closeWeb" is-config="true" duration-ms="1034" started-at="2019-12-23T00:30:54Z" finished-at="2019-12-23T00:30:55Z">
          <reporter-output>
          </reporter-output>
        </test-method> <!-- closeWeb -->
      </class> <!-- test.TestAmazon -->
    </test> <!-- Test -->
  </suite> <!-- Suite -->
</testng-results>
